0 info it worked if it ends with ok
1 verbose cli [
1 verbose cli   'C:\\Program Files\\nodejs\\node.exe',
1 verbose cli   'D:\\ValWorkspace\\Projects\\Servers\\NFT\\node_modules\\@val\\npm\\bin\\npm-cli.js',
1 verbose cli   'run',
1 verbose cli   'build:debug'
1 verbose cli ]
2 info using npm@1.0.3
3 info using node@v12.18.3
4 warn invalid config loglevel="notice"
5 verbose run-script [ 'prebuild:debug', 'build:debug', 'postbuild:debug' ]
6 info lifecycle isap-vms-server@1.0.11~prebuild:debug: isap-vms-server@1.0.11
7 silly lifecycle isap-vms-server@1.0.11~prebuild:debug: no script for prebuild:debug, continuing
8 info lifecycle isap-vms-server@1.0.11~build:debug: isap-vms-server@1.0.11
9 verbose lifecycle isap-vms-server@1.0.11~build:debug: unsafe-perm in lifecycle true
10 verbose lifecycle isap-vms-server@1.0.11~build:debug: PATH: D:\ValWorkspace\Projects\Servers\NFT\node_modules\@val\npm\bin\node-gyp-bin;D:\ValWorkspace\Projects\Servers\NFT\node_modules\.bin;C:\Program Files\nodejs;C:\Users\Val.Liu\AppData\Roaming\nvm\v12.18.3\node_modules\npm\node_modules\npm-lifecycle\node-gyp-bin;D:\ValWorkspace\Projects\Servers\NFT\node_modules\.bin;C:\Program Files\Git\mingw64\bin;C:\Program Files\Git\usr\bin;C:\Users\Val.Liu\bin;C:\Program Files (x86)\VMware\VMware Workstation\bin;C:\Program Files\Python36\Scripts;C:\Program Files\Python36;C:\WINDOWS\system32;C:\WINDOWS;C:\WINDOWS\System32\Wbem;C:\WINDOWS\System32\WindowsPowerShell\v1.0;C:\Program Files (x86)\Intel\Intel(R) Management Engine Components\DAL;C:\Program Files\Intel\Intel(R) Management Engine Components\DAL;C:\Program Files\Git\cmd;C:\Program Files\CMake\bin;C:\Program Files\LLVM\bin;C:\Users\Val.Liu\AppData\Roaming\nvm;C:\Program Files\nodejs;C:\WINDOWS\System32\OpenSSH;C:\Program Files\dotnet;C:\Program Files (x86)\Google\Cloud SDK\google-cloud-sdk\bin;C:\Users\Val.Liu\AppData\Local\Microsoft\WindowsApps;C:\Users\Val.Liu\AppData\Local\Programs\Microsoft VS Code\bin;C:\Users\Val.Liu\AppData\Roaming\nvm;C:\Program Files\nodejs;C:\Users\Val.Liu\.dotnet\tools;C:\Program Files\heroku\bin
11 verbose lifecycle isap-vms-server@1.0.11~build:debug: CWD: D:\ValWorkspace\Projects\Servers\NFT
12 silly lifecycle isap-vms-server@1.0.11~build:debug: Args: [
12 silly lifecycle   '/d /s /c',
12 silly lifecycle   'nodemon --watch false --exec node --max-old-space-size=8192 --trace-warnings -r @val/ts-node/register main.ts'
12 silly lifecycle ]
13 silly lifecycle isap-vms-server@1.0.11~build:debug: Returned: code: 1073807364  signal: null
14 info lifecycle isap-vms-server@1.0.11~build:debug: Failed to exec build:debug script
15 verbose stack Error: isap-vms-server@1.0.11 build:debug: `nodemon --watch false --exec node --max-old-space-size=8192 --trace-warnings -r @val/ts-node/register main.ts`
15 verbose stack Exit status 1073807364
15 verbose stack     at EventEmitter.<anonymous> (D:\ValWorkspace\Projects\Servers\NFT\node_modules\@val\npm\lib\utils\lifecycle.js:309:16)
15 verbose stack     at EventEmitter.emit (events.js:315:20)
15 verbose stack     at ChildProcess.<anonymous> (D:\ValWorkspace\Projects\Servers\NFT\node_modules\@val\npm\lib\utils\spawn.js:25:14)
15 verbose stack     at ChildProcess.emit (events.js:315:20)
15 verbose stack     at maybeClose (internal/child_process.js:1021:16)
15 verbose stack     at Process.ChildProcess._handle.onexit (internal/child_process.js:286:5)
16 verbose pkgid isap-vms-server@1.0.11
17 verbose cwd D:\ValWorkspace\Projects\Servers\NFT
18 error Windows_NT 10.0.19044
19 error argv "C:\\Program Files\\nodejs\\node.exe" "D:\\ValWorkspace\\Projects\\Servers\\NFT\\node_modules\\@val\\npm\\bin\\npm-cli.js" "run" "build:debug"
20 error node v12.18.3
21 error npm  v1.0.3
22 error code ELIFECYCLE
23 error isap-vms-server@1.0.11 build:debug: `nodemon --watch false --exec node --max-old-space-size=8192 --trace-warnings -r @val/ts-node/register main.ts`
23 error Exit status 1073807364
24 error Failed at the isap-vms-server@1.0.11 build:debug script 'nodemon --watch false --exec node --max-old-space-size=8192 --trace-warnings -r @val/ts-node/register main.ts'.
24 error Make sure you have the latest version of node.js and npm installed.
24 error If you do, this is most likely a problem with the isap-vms-server package,
24 error not with npm itself.
24 error Tell the author that this fails on your system:
24 error     nodemon --watch false --exec node --max-old-space-size=8192 --trace-warnings -r @val/ts-node/register main.ts
24 error You can get information on how to open an issue for this project with:
24 error     npm bugs isap-vms-server
24 error Or if that isn't available, you can get their info via:
24 error     npm owner ls isap-vms-server
24 error There is likely additional logging output above.
25 verbose exit [ 1, true ]
